[2017-01-19 17:57:14,414] [WARNING] basehttp : "GET /favicon.ico HTTP/1.1" 404 3976
[2017-01-19 17:57:14,414] [WARNING] basehttp : "GET /favicon.ico HTTP/1.1" 404 3976
[2017-01-19 17:57:17,990] [INFO] basehttp : "GET /admin/login/?next=/admin/ HTTP/1.1" 200 1657
[2017-01-19 17:57:17,990] [INFO] basehttp : "GET /admin/login/?next=/admin/ HTTP/1.1" 200 1657
[2017-01-19 17:57:22,081] [INFO] basehttp : "GET / HTTP/1.1" 200 17080
[2017-01-19 17:57:22,081] [INFO] basehttp : "GET / HTTP/1.1" 200 17080
[2017-01-19 17:57:30,614] [INFO] basehttp : "GET / HTTP/1.1" 200 17080
[2017-01-19 17:57:30,614] [INFO] basehttp : "GET / HTTP/1.1" 200 17080
[2017-01-19 17:57:38,500] [INFO] basehttp : "GET /admin/ HTTP/1.1" 302 0
[2017-01-19 17:57:38,500] [INFO] basehttp : "GET /admin/ HTTP/1.1" 302 0
[2017-01-19 17:57:38,522] [INFO] basehttp : "GET /admin/login/?next=/admin/ HTTP/1.1" 200 1657
[2017-01-19 17:57:38,522] [INFO] basehttp : "GET /admin/login/?next=/admin/ HTTP/1.1" 200 1657
[2017-01-19 18:02:31,383] [INFO] basehttp : "GET /admin/ HTTP/1.1" 302 0
[2017-01-19 18:02:31,383] [INFO] basehttp : "GET /admin/ HTTP/1.1" 302 0
[2017-01-19 18:02:31,418] [INFO] basehttp : "GET /admin/login/?next=/admin/ HTTP/1.1" 200 1657
[2017-01-19 18:02:31,418] [INFO] basehttp : "GET /admin/login/?next=/admin/ HTTP/1.1" 200 1657
[2017-01-19 18:02:38,656] [INFO] basehttp : "POST /admin/login/?next=/admin/ HTTP/1.1" 302 0
[2017-01-19 18:02:38,656] [INFO] basehttp : "POST /admin/login/?next=/admin/ HTTP/1.1" 302 0
[2017-01-19 18:02:38,717] [INFO] basehttp : "GET /admin/ HTTP/1.1" 200 4985
[2017-01-19 18:02:38,717] [INFO] basehttp : "GET /admin/ HTTP/1.1" 200 4985
[2017-01-19 18:02:38,749] [INFO] basehttp : "GET /static/admin/css/dashboard.css HTTP/1.1" 200 434
[2017-01-19 18:02:38,749] [INFO] basehttp : "GET /static/admin/css/dashboard.css HTTP/1.1" 200 434
[2017-01-19 18:02:38,764] [INFO] basehttp : "GET /static/admin/img/icon-addlink.svg HTTP/1.1" 200 331
[2017-01-19 18:02:38,764] [INFO] basehttp : "GET /static/admin/img/icon-addlink.svg HTTP/1.1" 200 331
[2017-01-19 18:02:38,767] [INFO] basehttp : "GET /static/admin/img/icon-changelink.svg HTTP/1.1" 200 380
[2017-01-19 18:02:38,767] [INFO] basehttp : "GET /static/admin/img/icon-changelink.svg HTTP/1.1" 200 380
[2017-01-19 18:02:38,786] [INFO] basehttp : "GET /static/admin/fonts/Roboto-Bold-webfont.woff HTTP/1.1" 200 82564
[2017-01-19 18:02:38,786] [INFO] basehttp : "GET /static/admin/fonts/Roboto-Bold-webfont.woff HTTP/1.1" 200 82564
[2017-01-19 18:03:01,366] [INFO] basehttp : "GET /admin/blog/category/ HTTP/1.1" 200 4436
[2017-01-19 18:03:01,366] [INFO] basehttp : "GET /admin/blog/category/ HTTP/1.1" 200 4436
[2017-01-19 18:03:01,404] [INFO] basehttp : "GET /static/admin/js/core.js HTTP/1.1" 200 7976
[2017-01-19 18:03:01,406] [INFO] basehttp : "GET /static/admin/css/changelists.css HTTP/1.1" 200 6117
[2017-01-19 18:03:01,404] [INFO] basehttp : "GET /static/admin/js/core.js HTTP/1.1" 200 7976
[2017-01-19 18:03:01,408] [INFO] basehttp : "GET /static/admin/js/admin/RelatedObjectLookups.js HTTP/1.1" 200 6577
[2017-01-19 18:03:01,406] [INFO] basehttp : "GET /static/admin/css/changelists.css HTTP/1.1" 200 6117
[2017-01-19 18:03:01,411] [INFO] basehttp : "GET /static/admin/js/actions.js HTTP/1.1" 200 6501
[2017-01-19 18:03:01,416] [INFO] basehttp : "GET /static/admin/js/jquery.init.js HTTP/1.1" 200 363
[2017-01-19 18:03:01,408] [INFO] basehttp : "GET /static/admin/js/admin/RelatedObjectLookups.js HTTP/1.1" 200 6577
[2017-01-19 18:03:01,419] [INFO] basehttp : "GET /admin/jsi18n/ HTTP/1.1" 200 3189
[2017-01-19 18:03:01,419] [INFO] basehttp : "GET /static/admin/js/prepopulate.js HTTP/1.1" 200 1538
[2017-01-19 18:03:01,419] [INFO] basehttp : "GET /admin/jsi18n/ HTTP/1.1" 200 3189
[2017-01-19 18:03:01,419] [INFO] basehttp : "GET /static/admin/js/prepopulate.js HTTP/1.1" 200 1538
[2017-01-19 18:03:01,421] [INFO] basehttp : "GET /static/admin/js/vendor/jquery/jquery.js HTTP/1.1" 200 258648
[2017-01-19 18:03:01,411] [INFO] basehttp : "GET /static/admin/js/actions.js HTTP/1.1" 200 6501
[2017-01-19 18:03:01,421] [INFO] basehttp : "GET /static/admin/js/urlify.js HTTP/1.1" 200 8186
[2017-01-19 18:03:01,422] [INFO] basehttp : "GET /static/admin/js/vendor/xregexp/xregexp.js HTTP/1.1" 200 128820
[2017-01-19 18:03:01,416] [INFO] basehttp : "GET /static/admin/js/jquery.init.js HTTP/1.1" 200 363
[2017-01-19 18:03:01,421] [INFO] basehttp : "GET /static/admin/js/vendor/jquery/jquery.js HTTP/1.1" 200 258648
[2017-01-19 18:03:01,426] [INFO] basehttp : "GET /static/admin/img/search.svg HTTP/1.1" 200 458
[2017-01-19 18:03:01,421] [INFO] basehttp : "GET /static/admin/js/urlify.js HTTP/1.1" 200 8186
[2017-01-19 18:03:01,422] [INFO] basehttp : "GET /static/admin/js/vendor/xregexp/xregexp.js HTTP/1.1" 200 128820
[2017-01-19 18:03:01,426] [INFO] basehttp : "GET /static/admin/img/search.svg HTTP/1.1" 200 458
[2017-01-19 18:03:01,475] [INFO] basehttp : "GET /static/admin/img/tooltag-add.svg HTTP/1.1" 200 331
[2017-01-19 18:03:01,475] [INFO] basehttp : "GET /static/admin/img/tooltag-add.svg HTTP/1.1" 200 331
[2017-01-19 18:03:13,765] [INFO] basehttp : "GET /admin/blog/category/add/ HTTP/1.1" 200 6033
[2017-01-19 18:03:13,765] [INFO] basehttp : "GET /admin/blog/category/add/ HTTP/1.1" 200 6033
[2017-01-19 18:03:13,799] [INFO] basehttp : "GET /static/admin/css/forms.css HTTP/1.1" 200 7750
[2017-01-19 18:03:13,799] [INFO] basehttp : "GET /static/admin/css/forms.css HTTP/1.1" 200 7750
[2017-01-19 18:03:13,805] [INFO] basehttp : "GET /static/admin/js/prepopulate_init.js HTTP/1.1" 200 495
[2017-01-19 18:03:13,805] [INFO] basehttp : "GET /static/admin/js/change_form.js HTTP/1.1" 200 698
[2017-01-19 18:03:13,805] [INFO] basehttp : "GET /static/admin/js/prepopulate_init.js HTTP/1.1" 200 495
[2017-01-19 18:03:13,805] [INFO] basehttp : "GET /static/admin/js/change_form.js HTTP/1.1" 200 698
[2017-01-19 18:03:13,814] [INFO] basehttp : "GET /admin/jsi18n/ HTTP/1.1" 200 3189
[2017-01-19 18:03:13,814] [INFO] basehttp : "GET /static/admin/css/widgets.css HTTP/1.1" 200 10340
[2017-01-19 18:03:13,814] [INFO] basehttp : "GET /admin/jsi18n/ HTTP/1.1" 200 3189
[2017-01-19 18:03:13,814] [INFO] basehttp : "GET /static/admin/css/widgets.css HTTP/1.1" 200 10340
[2017-01-19 18:03:25,171] [INFO] basehttp : "POST /admin/blog/category/add/ HTTP/1.1" 302 0
[2017-01-19 18:03:25,171] [INFO] basehttp : "POST /admin/blog/category/add/ HTTP/1.1" 302 0
[2017-01-19 18:03:25,225] [INFO] basehttp : "GET /admin/blog/category/ HTTP/1.1" 200 6583
[2017-01-19 18:03:25,225] [INFO] basehttp : "GET /admin/blog/category/ HTTP/1.1" 200 6583
[2017-01-19 18:03:25,256] [INFO] basehttp : "GET /admin/jsi18n/ HTTP/1.1" 200 3189
[2017-01-19 18:03:25,256] [INFO] basehttp : "GET /admin/jsi18n/ HTTP/1.1" 200 3189
[2017-01-19 18:03:25,332] [INFO] basehttp : "GET /static/admin/img/icon-yes.svg HTTP/1.1" 200 436
[2017-01-19 18:03:25,332] [INFO] basehttp : "GET /static/admin/img/icon-yes.svg HTTP/1.1" 200 436
[2017-01-19 18:03:25,336] [INFO] basehttp : "GET /static/admin/img/sorting-icons.svg HTTP/1.1" 200 1097
[2017-01-19 18:03:25,336] [INFO] basehttp : "GET /static/admin/img/sorting-icons.svg HTTP/1.1" 200 1097
[2017-01-19 18:03:26,811] [INFO] basehttp : "GET /admin/blog/category/add/ HTTP/1.1" 200 6073
[2017-01-19 18:03:26,811] [INFO] basehttp : "GET /admin/blog/category/add/ HTTP/1.1" 200 6073
[2017-01-19 18:03:26,850] [INFO] basehttp : "GET /admin/jsi18n/ HTTP/1.1" 200 3189
[2017-01-19 18:03:26,850] [INFO] basehttp : "GET /admin/jsi18n/ HTTP/1.1" 200 3189
[2017-01-19 18:03:32,545] [INFO] basehttp : "POST /admin/blog/category/add/ HTTP/1.1" 302 0
[2017-01-19 18:03:32,545] [INFO] basehttp : "POST /admin/blog/category/add/ HTTP/1.1" 302 0
[2017-01-19 18:03:32,579] [INFO] basehttp : "GET /admin/blog/category/ HTTP/1.1" 200 6916
[2017-01-19 18:03:32,579] [INFO] basehttp : "GET /admin/blog/category/ HTTP/1.1" 200 6916
[2017-01-19 18:03:32,613] [INFO] basehttp : "GET /admin/jsi18n/ HTTP/1.1" 200 3189
[2017-01-19 18:03:32,613] [INFO] basehttp : "GET /admin/jsi18n/ HTTP/1.1" 200 3189
[2017-01-19 18:03:34,699] [INFO] basehttp : "GET /admin/blog/ HTTP/1.1" 200 3766
[2017-01-19 18:03:34,699] [INFO] basehttp : "GET /admin/blog/ HTTP/1.1" 200 3766
[2017-01-19 18:03:38,149] [INFO] basehttp : "GET /admin/blog/column/ HTTP/1.1" 200 4432
[2017-01-19 18:03:38,149] [INFO] basehttp : "GET /admin/blog/column/ HTTP/1.1" 200 4432
[2017-01-19 18:03:38,183] [INFO] basehttp : "GET /admin/jsi18n/ HTTP/1.1" 200 3189
[2017-01-19 18:03:38,183] [INFO] basehttp : "GET /admin/jsi18n/ HTTP/1.1" 200 3189
[2017-01-19 18:03:41,096] [INFO] basehttp : "GET /admin/blog/ HTTP/1.1" 200 3766
[2017-01-19 18:03:41,096] [INFO] basehttp : "GET /admin/blog/ HTTP/1.1" 200 3766
[2017-01-19 18:03:43,710] [INFO] basehttp : "GET /admin/blog/nav/ HTTP/1.1" 200 4441
[2017-01-19 18:03:43,710] [INFO] basehttp : "GET /admin/blog/nav/ HTTP/1.1" 200 4441
[2017-01-19 18:03:43,751] [INFO] basehttp : "GET /admin/jsi18n/ HTTP/1.1" 200 3189
[2017-01-19 18:03:43,751] [INFO] basehttp : "GET /admin/jsi18n/ HTTP/1.1" 200 3189
[2017-01-19 18:03:45,957] [INFO] basehttp : "GET /admin/blog/ HTTP/1.1" 200 3766
[2017-01-19 18:03:45,957] [INFO] basehttp : "GET /admin/blog/ HTTP/1.1" 200 3766
[2017-01-19 18:03:47,290] [INFO] basehttp : "GET /admin/blog/article/ HTTP/1.1" 200 5755
[2017-01-19 18:03:47,290] [INFO] basehttp : "GET /admin/blog/article/ HTTP/1.1" 200 5755
[2017-01-19 18:03:47,387] [INFO] basehttp : "GET /admin/jsi18n/ HTTP/1.1" 200 3189
[2017-01-19 18:03:47,387] [INFO] basehttp : "GET /admin/jsi18n/ HTTP/1.1" 200 3189
[2017-01-19 18:03:48,939] [INFO] basehttp : "GET /admin/blog/article/add/ HTTP/1.1" 200 11362
[2017-01-19 18:03:48,939] [INFO] basehttp : "GET /admin/blog/article/add/ HTTP/1.1" 200 11362
[2017-01-19 18:03:48,970] [INFO] basehttp : "GET /static/admin/js/calendar.js HTTP/1.1" 200 7790
[2017-01-19 18:03:48,970] [INFO] basehttp : "GET /static/admin/js/admin/DateTimeShortcuts.js HTTP/1.1" 200 20529
[2017-01-19 18:03:48,970] [INFO] basehttp : "GET /static/admin/js/calendar.js HTTP/1.1" 200 7790
[2017-01-19 18:03:48,970] [INFO] basehttp : "GET /static/admin/js/admin/DateTimeShortcuts.js HTTP/1.1" 200 20529
[2017-01-19 18:03:48,976] [INFO] basehttp : "GET /admin/jsi18n/ HTTP/1.1" 200 3189
[2017-01-19 18:03:48,976] [INFO] basehttp : "GET /admin/jsi18n/ HTTP/1.1" 200 3189
[2017-01-19 18:03:49,076] [INFO] basehttp : "GET /static/admin/img/icon-calendar.svg HTTP/1.1" 200 1086
[2017-01-19 18:03:49,076] [INFO] basehttp : "GET /static/admin/img/icon-clock.svg HTTP/1.1" 200 677
[2017-01-19 18:03:49,076] [INFO] basehttp : "GET /static/admin/img/icon-calendar.svg HTTP/1.1" 200 1086
[2017-01-19 18:03:49,076] [INFO] basehttp : "GET /static/admin/img/icon-clock.svg HTTP/1.1" 200 677
[2017-01-19 18:04:45,238] [INFO] basehttp : "GET /admin/blog/article/add/ HTTP/1.1" 200 11362
[2017-01-19 18:04:45,238] [INFO] basehttp : "GET /admin/blog/article/add/ HTTP/1.1" 200 11362
[2017-01-19 18:04:45,268] [INFO] basehttp : "GET /static/admin/css/base.css HTTP/1.1" 200 15937
[2017-01-19 18:04:45,268] [INFO] basehttp : "GET /static/admin/css/base.css HTTP/1.1" 200 15937
[2017-01-19 18:04:45,274] [INFO] basehttp : "GET /static/admin/css/forms.css HTTP/1.1" 304 0
[2017-01-19 18:04:45,279] [INFO] basehttp : "GET /static/admin/js/core.js HTTP/1.1" 304 0
[2017-01-19 18:04:45,274] [INFO] basehttp : "GET /static/admin/css/forms.css HTTP/1.1" 304 0
[2017-01-19 18:04:45,279] [INFO] basehttp : "GET /static/admin/js/core.js HTTP/1.1" 304 0
[2017-01-19 18:04:45,285] [INFO] basehttp : "GET /static/admin/js/admin/RelatedObjectLookups.js HTTP/1.1" 304 0
[2017-01-19 18:04:45,286] [INFO] basehttp : "GET /static/admin/js/jquery.init.js HTTP/1.1" 304 0
[2017-01-19 18:04:45,285] [INFO] basehttp : "GET /static/admin/js/admin/RelatedObjectLookups.js HTTP/1.1" 304 0
[2017-01-19 18:04:45,286] [INFO] basehttp : "GET /static/admin/js/jquery.init.js HTTP/1.1" 304 0
[2017-01-19 18:04:45,287] [INFO] basehttp : "GET /static/admin/js/vendor/jquery/jquery.js HTTP/1.1" 304 0
[2017-01-19 18:04:45,290] [INFO] basehttp : "GET /static/admin/js/actions.js HTTP/1.1" 304 0
[2017-01-19 18:04:45,287] [INFO] basehttp : "GET /static/admin/js/vendor/jquery/jquery.js HTTP/1.1" 304 0
[2017-01-19 18:04:45,292] [INFO] basehttp : "GET /static/admin/js/urlify.js HTTP/1.1" 304 0
[2017-01-19 18:04:45,290] [INFO] basehttp : "GET /static/admin/js/actions.js HTTP/1.1" 304 0
[2017-01-19 18:04:45,292] [INFO] basehttp : "GET /static/admin/js/urlify.js HTTP/1.1" 304 0
[2017-01-19 18:04:45,298] [INFO] basehttp : "GET /static/admin/js/prepopulate.js HTTP/1.1" 304 0
[2017-01-19 18:04:45,298] [INFO] basehttp : "GET /admin/jsi18n/ HTTP/1.1" 200 3189
[2017-01-19 18:04:45,300] [INFO] basehttp : "GET /static/admin/js/calendar.js HTTP/1.1" 304 0
[2017-01-19 18:04:45,298] [INFO] basehttp : "GET /admin/jsi18n/ HTTP/1.1" 200 3189
[2017-01-19 18:04:45,298] [INFO] basehttp : "GET /static/admin/js/prepopulate.js HTTP/1.1" 304 0
[2017-01-19 18:04:45,300] [INFO] basehttp : "GET /static/admin/js/calendar.js HTTP/1.1" 304 0
[2017-01-19 18:04:45,303] [INFO] basehttp : "GET /static/admin/js/change_form.js HTTP/1.1" 304 0
[2017-01-19 18:04:45,303] [INFO] basehttp : "GET /static/admin/js/vendor/xregexp/xregexp.js HTTP/1.1" 304 0
[2017-01-19 18:04:45,304] [INFO] basehttp : "GET /static/admin/js/admin/DateTimeShortcuts.js HTTP/1.1" 304 0
[2017-01-19 18:04:45,303] [INFO] basehttp : "GET /static/admin/js/change_form.js HTTP/1.1" 304 0
[2017-01-19 18:04:45,303] [INFO] basehttp : "GET /static/admin/js/vendor/xregexp/xregexp.js HTTP/1.1" 304 0
[2017-01-19 18:04:45,304] [INFO] basehttp : "GET /static/admin/js/admin/DateTimeShortcuts.js HTTP/1.1" 304 0
[2017-01-19 18:04:45,305] [INFO] basehttp : "GET /static/admin/js/prepopulate_init.js HTTP/1.1" 304 0
[2017-01-19 18:04:45,308] [INFO] basehttp : "GET /static/admin/css/widgets.css HTTP/1.1" 304 0
[2017-01-19 18:04:45,305] [INFO] basehttp : "GET /static/admin/js/prepopulate_init.js HTTP/1.1" 304 0
[2017-01-19 18:04:45,308] [INFO] basehttp : "GET /static/admin/css/fonts.css HTTP/1.1" 200 423
[2017-01-19 18:04:45,308] [INFO] basehttp : "GET /static/admin/css/widgets.css HTTP/1.1" 304 0
[2017-01-19 18:04:45,308] [INFO] basehttp : "GET /static/admin/css/fonts.css HTTP/1.1" 200 423
[2017-01-19 18:04:45,381] [INFO] basehttp : "GET /static/admin/img/icon-changelink.svg HTTP/1.1" 304 0
[2017-01-19 18:04:45,381] [INFO] basehttp : "GET /static/admin/img/icon-changelink.svg HTTP/1.1" 304 0
[2017-01-19 18:04:45,384] [INFO] basehttp : "GET /static/admin/img/icon-addlink.svg HTTP/1.1" 304 0
[2017-01-19 18:04:45,384] [INFO] basehttp : "GET /static/admin/img/icon-addlink.svg HTTP/1.1" 304 0
[2017-01-19 18:04:45,429] [INFO] basehttp : "GET /static/admin/img/icon-calendar.svg HTTP/1.1" 304 0
[2017-01-19 18:04:45,429] [INFO] basehttp : "GET /static/admin/img/icon-calendar.svg HTTP/1.1" 304 0
[2017-01-19 18:04:45,429] [INFO] basehttp : "GET /static/admin/img/icon-clock.svg HTTP/1.1" 304 0
[2017-01-19 18:04:45,429] [INFO] basehttp : "GET /static/admin/img/icon-clock.svg HTTP/1.1" 304 0
[2017-01-19 18:07:00,982] [INFO] basehttp : "POST /admin/blog/article/add/ HTTP/1.1" 200 16167
[2017-01-19 18:07:00,982] [INFO] basehttp : "POST /admin/blog/article/add/ HTTP/1.1" 200 16167
[2017-01-19 18:07:01,010] [INFO] basehttp : "GET /admin/jsi18n/ HTTP/1.1" 200 3189
[2017-01-19 18:07:01,010] [INFO] basehttp : "GET /admin/jsi18n/ HTTP/1.1" 200 3189
[2017-01-19 18:07:06,378] [INFO] basehttp : "POST /admin/blog/article/add/ HTTP/1.1" 302 0
[2017-01-19 18:07:06,378] [INFO] basehttp : "POST /admin/blog/article/add/ HTTP/1.1" 302 0
[2017-01-19 18:07:06,422] [INFO] basehttp : "GET /admin/blog/article/ HTTP/1.1" 200 8422
[2017-01-19 18:07:06,422] [INFO] basehttp : "GET /admin/blog/article/ HTTP/1.1" 200 8422
[2017-01-19 18:07:06,452] [INFO] basehttp : "GET /admin/jsi18n/ HTTP/1.1" 200 3189
[2017-01-19 18:07:06,452] [INFO] basehttp : "GET /admin/jsi18n/ HTTP/1.1" 200 3189
[2017-01-19 18:07:06,456] [INFO] basehttp : "GET /static/admin/img/icon-no.svg HTTP/1.1" 200 560
[2017-01-19 18:07:06,456] [INFO] basehttp : "GET /static/admin/img/icon-no.svg HTTP/1.1" 200 560
[2017-01-19 18:07:14,978] [INFO] basehttp : "GET / HTTP/1.1" 200 20419
[2017-01-19 18:07:14,978] [INFO] basehttp : "GET / HTTP/1.1" 200 20419
